  main.cpp
d:\imageprocessing_workspace\team_project\main.cpp(45): warning C4244: '인수': 'double'에서 '_Tp'(으)로 변환하면서 데이터가 손실될 수 있습니다.
          with
          [
              _Tp=int
          ]
d:\imageprocessing_workspace\team_project\main.cpp(46): warning C4244: '인수': 'double'에서 '_Tp'(으)로 변환하면서 데이터가 손실될 수 있습니다.
          with
          [
              _Tp=int
          ]
d:\imageprocessing_workspace\team_project\main.cpp(47): warning C4244: '인수': 'double'에서 '_Tp'(으)로 변환하면서 데이터가 손실될 수 있습니다.
          with
          [
              _Tp=int
          ]
d:\imageprocessing_workspace\team_project\main.cpp(48): warning C4244: '인수': 'double'에서 '_Tp'(으)로 변환하면서 데이터가 손실될 수 있습니다.
          with
          [
              _Tp=int
          ]
  team_project.vcxproj -> D:\ImageProcessing_Workspace\team_project\x64\Debug\team_project.exe
